<?xml version="1.0" encoding="UTF-8"?>
<testsuite name="com.bridgelabs.HotelReservationTest" tests="1" skipped="0" failures="0" errors="0" timestamp="2021-08-04T03:17:14" hostname="DESKTOP-IB61PHE" time="0.012">
  <properties/>
  <testcase name="givenHotelDetails_whenAddedWeekEndRate_ShouldReturnEnteredWeekendRate" classname="com.bridgelabs.HotelReservationTest" time="0.012"/>
  <system-out><![CDATA[]]></system-out>
  <system-err><![CDATA[]]></system-err>
</testsuite>
